Spark Command: /usr/lib/jvm/java-8-openjdk-amd64/jre/bin/java -cp /opt/spark-2.3.4-bin-hadoop2.7/conf/:/opt/spark-2.3.4-bin-hadoop2.7/jars/* -Xmx1g org.apache.spark.deploy.master.Master --host ee267f3ec850 --port 7077 --webui-port 8080
========================================
2020-10-18 09:38:14 INFO  Master:2612 - Started daemon with process name: 32374@ee267f3ec850
2020-10-18 09:38:14 INFO  SignalUtils:54 - Registered signal handler for TERM
2020-10-18 09:38:14 INFO  SignalUtils:54 - Registered signal handler for HUP
2020-10-18 09:38:14 INFO  SignalUtils:54 - Registered signal handler for INT
2020-10-18 09:38:15 WARN  NativeCodeLoader:62 - Unable to load native-hadoop library for your platform... using builtin-java classes where applicable
2020-10-18 09:38:16 INFO  SecurityManager:54 - Changing view acls to: root
2020-10-18 09:38:16 INFO  SecurityManager:54 - Changing modify acls to: root
2020-10-18 09:38:16 INFO  SecurityManager:54 - Changing view acls groups to: 
2020-10-18 09:38:16 INFO  SecurityManager:54 - Changing modify acls groups to: 
2020-10-18 09:38:16 INFO  SecurityManager:54 - SecurityManager: authentication disabled; ui acls disabled; users  with view permissions: Set(root); groups with view permissions: Set(); users  with modify permissions: Set(root); groups with modify permissions: Set()
2020-10-18 09:38:16 INFO  Utils:54 - Successfully started service 'sparkMaster' on port 7077.
2020-10-18 09:38:17 INFO  Master:54 - Starting Spark master at spark://ee267f3ec850:7077
2020-10-18 09:38:17 INFO  Master:54 - Running Spark version 2.3.4
2020-10-18 09:38:17 INFO  log:192 - Logging initialized @4973ms
2020-10-18 09:38:17 INFO  Server:351 - jetty-9.3.z-SNAPSHOT, build timestamp: unknown, git hash: unknown
2020-10-18 09:38:17 INFO  Server:419 - Started @5187ms
2020-10-18 09:38:17 INFO  AbstractConnector:278 - Started ServerConnector@47d47b8b{HTTP/1.1,[http/1.1]}{0.0.0.0:8080}
2020-10-18 09:38:17 INFO  Utils:54 - Successfully started service 'MasterUI' on port 8080.
2020-10-18 09:38:17 INFO  ContextHandler:781 - Started o.s.j.s.ServletContextHandler@5b883243{/app,null,AVAILABLE,@Spark}
2020-10-18 09:38:17 INFO  ContextHandler:781 - Started o.s.j.s.ServletContextHandler@3384e6cf{/app/json,null,AVAILABLE,@Spark}
2020-10-18 09:38:17 INFO  ContextHandler:781 - Started o.s.j.s.ServletContextHandler@76481e02{/,null,AVAILABLE,@Spark}
2020-10-18 09:38:17 INFO  ContextHandler:781 - Started o.s.j.s.ServletContextHandler@74802d09{/json,null,AVAILABLE,@Spark}
2020-10-18 09:38:17 INFO  ContextHandler:781 - Started o.s.j.s.ServletContextHandler@60a60fc8{/static,null,AVAILABLE,@Spark}
2020-10-18 09:38:17 INFO  ContextHandler:781 - Started o.s.j.s.ServletContextHandler@6c4c45b3{/app/kill,null,AVAILABLE,@Spark}
2020-10-18 09:38:17 INFO  ContextHandler:781 - Started o.s.j.s.ServletContextHandler@24ff7912{/driver/kill,null,AVAILABLE,@Spark}
2020-10-18 09:38:17 INFO  MasterWebUI:54 - Bound MasterWebUI to 0.0.0.0, and started at http://ee267f3ec850:8080
2020-10-18 09:38:18 INFO  Server:351 - jetty-9.3.z-SNAPSHOT, build timestamp: unknown, git hash: unknown
2020-10-18 09:38:18 INFO  ContextHandler:781 - Started o.s.j.s.ServletContextHandler@69b9b19f{/,null,AVAILABLE}
2020-10-18 09:38:18 INFO  AbstractConnector:278 - Started ServerConnector@67d2d207{HTTP/1.1,[http/1.1]}{ee267f3ec850:6066}
2020-10-18 09:38:18 INFO  Server:419 - Started @5617ms
2020-10-18 09:38:18 INFO  Utils:54 - Successfully started service on port 6066.
2020-10-18 09:38:18 INFO  StandaloneRestServer:54 - Started REST server for submitting applications on port 6066
2020-10-18 09:38:18 INFO  ContextHandler:781 - Started o.s.j.s.ServletContextHandler@47677626{/metrics/master/json,null,AVAILABLE,@Spark}
2020-10-18 09:38:18 INFO  ContextHandler:781 - Started o.s.j.s.ServletContextHandler@63b194d0{/metrics/applications/json,null,AVAILABLE,@Spark}
2020-10-18 09:38:18 INFO  Master:54 - I have been elected leader! New state: ALIVE
2020-10-18 09:39:06 INFO  Master:54 - Registering worker 172.18.0.2:45403 with 2 cores, 6.3 GB RAM
2020-10-18 09:41:54 INFO  Master:54 - Registering app sted-application-1
2020-10-18 09:41:54 INFO  Master:54 - Registered app sted-application-1 with ID app-20201018094154-0000
2020-10-18 09:41:54 INFO  Master:54 - Launching executor app-20201018094154-0000/0 on worker worker-20201018093904-172.18.0.2-45403
2020-10-18 09:45:56 INFO  Master:54 - Received unregister request from application app-20201018094154-0000
2020-10-18 09:45:56 INFO  Master:54 - Removing app app-20201018094154-0000
2020-10-18 09:45:56 INFO  Master:54 - 172.18.0.2:59992 got disassociated, removing it.
2020-10-18 09:45:56 INFO  Master:54 - ee267f3ec850:37229 got disassociated, removing it.
2020-10-18 09:45:57 WARN  Master:66 - Got status update for unknown executor app-20201018094154-0000/0
2020-10-18 09:47:53 INFO  Master:54 - Registering app sted-application-1
2020-10-18 09:47:53 INFO  Master:54 - Registered app sted-application-1 with ID app-20201018094753-0001
2020-10-18 09:47:53 INFO  Master:54 - Launching executor app-20201018094753-0001/0 on worker worker-20201018093904-172.18.0.2-45403
2020-10-18 09:48:09 INFO  Master:54 - Received unregister request from application app-20201018094753-0001
2020-10-18 09:48:09 INFO  Master:54 - Removing app app-20201018094753-0001
2020-10-18 09:48:09 INFO  Master:54 - 172.18.0.2:60860 got disassociated, removing it.
2020-10-18 09:48:09 INFO  Master:54 - ee267f3ec850:34769 got disassociated, removing it.
2020-10-18 09:48:10 WARN  Master:66 - Got status update for unknown executor app-20201018094753-0001/0
2020-10-18 09:49:17 INFO  Master:54 - Registering app sted-application-1
2020-10-18 09:49:17 INFO  Master:54 - Registered app sted-application-1 with ID app-20201018094917-0002
2020-10-18 09:49:17 INFO  Master:54 - Launching executor app-20201018094917-0002/0 on worker worker-20201018093904-172.18.0.2-45403
2020-10-18 09:50:42 INFO  Master:54 - Received unregister request from application app-20201018094917-0002
2020-10-18 09:50:42 INFO  Master:54 - Removing app app-20201018094917-0002
2020-10-18 09:50:42 INFO  Master:54 - 172.18.0.2:32914 got disassociated, removing it.
2020-10-18 09:50:42 INFO  Master:54 - ee267f3ec850:34295 got disassociated, removing it.
2020-10-18 09:50:42 WARN  Master:66 - Got status update for unknown executor app-20201018094917-0002/0
